\BOOKMARK [0][-]{chapter*.1}{Danksagung}{}% 1
\BOOKMARK [0][-]{chapter*.2}{Zusammenfassung}{}% 2
\BOOKMARK [0][-]{chapter*.2}{Inhaltsverzeichnis}{}% 3
\BOOKMARK [0][-]{chapter*.4}{Symbolverzeichnis}{}% 4
\BOOKMARK [0][-]{chapter.1}{Einleitung}{}% 5
\BOOKMARK [0][-]{chapter.2}{Allgemeine Bestimmungen f\374r Abschlussarbeiten}{}% 6
\BOOKMARK [1][-]{section.2.1}{Bachelorarbeit}{chapter.2}% 7
\BOOKMARK [1][-]{section.2.2}{Masterarbeit}{chapter.2}% 8
\BOOKMARK [1][-]{section.2.3}{Auswahl eines Themas}{chapter.2}% 9
\BOOKMARK [0][-]{chapter.3}{Durchf\374hrung der Arbeit}{}% 10
\BOOKMARK [1][-]{section.3.1}{Beginn der Arbeit}{chapter.3}% 11
\BOOKMARK [1][-]{section.3.2}{B\374cher}{chapter.3}% 12
\BOOKMARK [1][-]{section.3.3}{Ablauf der Arbeit}{chapter.3}% 13
\BOOKMARK [1][-]{section.3.4}{Der Einf\374hrungsvortrag}{chapter.3}% 14
\BOOKMARK [1][-]{section.3.5}{Arbeitsende}{chapter.3}% 15
\BOOKMARK [0][-]{chapter.4}{Abfassung der schriftlichen Arbeit}{}% 16
\BOOKMARK [1][-]{section.4.1}{Gliederung der Arbeit}{chapter.4}% 17
\BOOKMARK [1][-]{section.4.2}{Zusammenfassung}{chapter.4}% 18
\BOOKMARK [1][-]{section.4.3}{Inhaltsverzeichnis}{chapter.4}% 19
\BOOKMARK [1][-]{section.4.4}{Verzeichnis der verwendeten Symbole und Abk\374rzungen}{chapter.4}% 20
\BOOKMARK [1][-]{section.4.5}{Einleitung}{chapter.4}% 21
\BOOKMARK [1][-]{section.4.6}{Textteil}{chapter.4}% 22
\BOOKMARK [2][-]{subsection.4.6.1}{Formale Gestaltung}{section.4.6}% 23
\BOOKMARK [2][-]{subsection.4.6.2}{Grundlagen / Stand der Technik}{section.4.6}% 24
\BOOKMARK [2][-]{subsection.4.6.3}{Durchf\374hrung}{section.4.6}% 25
\BOOKMARK [2][-]{subsection.4.6.4}{Dokumentation von Software}{section.4.6}% 26
\BOOKMARK [2][-]{subsection.4.6.5}{Dokumentation von Schaltungen}{section.4.6}% 27
\BOOKMARK [2][-]{subsection.4.6.6}{Dokumentation von mechanischen Konstruktionen}{section.4.6}% 28
\BOOKMARK [2][-]{subsection.4.6.7}{Ergebnisse}{section.4.6}% 29
\BOOKMARK [2][-]{subsection.4.6.8}{Zusammenfassung und Ausblick}{section.4.6}% 30
\BOOKMARK [1][-]{section.4.7}{Umgang mit geistigem Eigentum Dritter}{chapter.4}% 31
\BOOKMARK [2][-]{subsection.4.7.1}{Literaturzitate}{section.4.7}% 32
\BOOKMARK [2][-]{subsection.4.7.2}{Bildzitate}{section.4.7}% 33
\BOOKMARK [1][-]{section.4.8}{Anhang}{chapter.4}% 34
\BOOKMARK [1][-]{section.4.9}{schriftliche Erkl\344rung}{chapter.4}% 35
\BOOKMARK [1][-]{section.4.10}{Erstellung / Speicherung von Grafiken}{chapter.4}% 36
\BOOKMARK [0][-]{chapter.5}{PDF und Postscript}{}% 37
\BOOKMARK [1][-]{section.5.1}{Dateiformat}{chapter.5}% 38
\BOOKMARK [2][-]{subsection.5.1.1}{PDF Versionen}{section.5.1}% 39
\BOOKMARK [1][-]{section.5.2}{Grafiken in PDF Dateien}{chapter.5}% 40
\BOOKMARK [1][-]{section.5.3}{Postscript und PDF erzeugen}{chapter.5}% 41
\BOOKMARK [2][-]{subsection.5.3.1}{Anforderungen}{section.5.3}% 42
\BOOKMARK [2][-]{subsection.5.3.2}{LaTeX}{section.5.3}% 43
\BOOKMARK [2][-]{subsection.5.3.3}{Windows Programme}{section.5.3}% 44
\BOOKMARK [2][-]{subsection.5.3.4}{Adobe Acrobat}{section.5.3}% 45
\BOOKMARK [0][-]{chapter.6}{Seminarvortrag}{}% 46
\BOOKMARK [1][-]{section.6.1}{Gliederung}{chapter.6}% 47
\BOOKMARK [1][-]{section.6.2}{Anzahl der Folien}{chapter.6}% 48
\BOOKMARK [1][-]{section.6.3}{Folien}{chapter.6}% 49
\BOOKMARK [1][-]{section.6.4}{Probevortrag}{chapter.6}% 50
\BOOKMARK [0][-]{chapter.7}{Unfallversicherungsschutz f\374r Studenten}{}% 51
\BOOKMARK [0][-]{appendix.A}{Latex Nutzung}{}% 52
\BOOKMARK [1][-]{section.A.1}{Latex DO's \046 DON'Ts}{appendix.A}% 53
\BOOKMARK [1][-]{section.A.2}{Matlab-Einbindung}{appendix.A}% 54
\BOOKMARK [0][-]{appendix*.10}{Literaturverzeichnis}{}% 55
